samples/DemoProject/build/intermediates/manifest_merge_blame_file/debug/manifest-merger-blame-debug-report.txt
1<?xml version="1.0" encoding="utf-8"?>
2<manifest xmlns:android="http://schemas.android.com/apk/res/android"
3    package="com.spotify.sdk.embedded.demo"
4    android:versionCode="1"
5    android:versionName="1.0" >
6
7    <uses-sdk
8        android:minSdkVersion="21"
8-->src/main/AndroidManifest.xml
9        android:targetSdkVersion="29" />
9-->src/main/AndroidManifest.xml
10
11    <uses-permission android:name="android.permission.INTERNET" />
11-->src/main/AndroidManifest.xml:6:5-66
11-->src/main/AndroidManifest.xml:6:22-64
12    <uses-permission android:name="android.permission.ACCESS_NETWORK_STATE" />
12-->src/main/AndroidManifest.xml:7:5-78
12-->src/main/AndroidManifest.xml:7:22-76
13    <uses-permission android:name="android.permission.WRITE_EXTERNAL_STORAGE" />
13-->src/main/AndroidManifest.xml:8:5-80
13-->src/main/AndroidManifest.xml:8:22-78
14
15    <application
15-->src/main/AndroidManifest.xml:10:5-44:19
16        android:allowBackup="true"
16-->src/main/AndroidManifest.xml:11:9-35
17        android:appComponentFactory="androidx.core.app.CoreComponentFactory"
17-->[androidx.core:core:1.1.0] AndroidManifest.xml:24:18-86
18        android:debuggable="true"
19        android:icon="@mipmap/ic_launcher"
19-->src/main/AndroidManifest.xml:12:9-43
20        android:label="@string/app_name"
20-->src/main/AndroidManifest.xml:13:9-41
21        android:testOnly="true"
22        android:theme="@android:style/Theme.Material" >
22-->src/main/AndroidManifest.xml:14:9-54
23        <activity
23-->src/main/AndroidManifest.xml:16:9-23:20
24            android:name="com.spotify.sdk.demo.DemoActivity"
24-->src/main/AndroidManifest.xml:17:13-61
25            android:label="@string/title_activity_demo" >
25-->src/main/AndroidManifest.xml:18:13-56
26            <intent-filter>
26-->src/main/AndroidManifest.xml:19:13-22:29
27                <action android:name="android.intent.action.MAIN" />
27-->src/main/AndroidManifest.xml:20:17-68
27-->src/main/AndroidManifest.xml:20:25-66
28
29                <category android:name="android.intent.category.LAUNCHER" />
29-->src/main/AndroidManifest.xml:21:17-76
29-->src/main/AndroidManifest.xml:21:27-74
30            </intent-filter>
31        </activity>
32        <activity
32-->src/main/AndroidManifest.xml:25:9-38:20
33            android:name="com.spotify.sdk.android.authentication.WebAuthResultActivity"
33-->src/main/AndroidManifest.xml:26:13-88
34            android:theme="@android:style/Theme.Translucent.NoTitleBar" >
34-->src/main/AndroidManifest.xml:27:13-72
35            <intent-filter>
35-->src/main/AndroidManifest.xml:28:13-37:29
36                <action android:name="android.intent.action.VIEW" />
36-->src/main/AndroidManifest.xml:29:17-68
36-->src/main/AndroidManifest.xml:29:25-66
37
38                <category android:name="android.intent.category.DEFAULT" />
38-->src/main/AndroidManifest.xml:31:17-75
38-->src/main/AndroidManifest.xml:31:27-73
39                <category android:name="android.intent.category.BROWSABLE" />
39-->src/main/AndroidManifest.xml:32:17-77
39-->src/main/AndroidManifest.xml:32:27-75
40
41                <data
41-->src/main/AndroidManifest.xml:34:17-36:50
42                    android:host="callback"
42-->src/main/AndroidManifest.xml:35:21-44
43                    android:scheme="testschema" />
43-->src/main/AndroidManifest.xml:36:21-48
44            </intent-filter>
45        </activity>
46        <activity
46-->src/main/AndroidManifest.xml:40:9-43:20
47            android:name="com.spotify.sdk.android.authentication.LoginActivity"
47-->src/main/AndroidManifest.xml:41:13-80
48            android:theme="@android:style/Theme.Translucent.NoTitleBar" >
48-->src/main/AndroidManifest.xml:42:13-72
49        </activity>
50        <activity
50-->[com.spotify.android:auth:1.0.0-alpha] AndroidManifest.xml:34:9-48:20
51            android:name="com.spotify.sdk.android.authentication.AuthCallbackActivity"
51-->[com.spotify.android:auth:1.0.0-alpha] AndroidManifest.xml:35:13-87
52            android:exported="true"
52-->[com.spotify.android:auth:1.0.0-alpha] AndroidManifest.xml:36:13-36
53            android:theme="@android:style/Theme.Translucent.NoTitleBar" >
53-->[com.spotify.android:auth:1.0.0-alpha] AndroidManifest.xml:37:13-72
54            <intent-filter>
54-->[com.spotify.android:auth:1.0.0-alpha] AndroidManifest.xml:38:13-47:29
55                <action android:name="android.intent.action.VIEW" />
55-->src/main/AndroidManifest.xml:29:17-68
55-->src/main/AndroidManifest.xml:29:25-66
56
57                <category android:name="android.intent.category.DEFAULT" />
57-->src/main/AndroidManifest.xml:31:17-75
57-->src/main/AndroidManifest.xml:31:27-73
58                <category android:name="android.intent.category.BROWSABLE" />
58-->src/main/AndroidManifest.xml:32:17-77
58-->src/main/AndroidManifest.xml:32:27-75
59
60                <data
60-->src/main/AndroidManifest.xml:34:17-36:50
61                    android:host="@string/com_spotify_sdk_redirect_host"
61-->src/main/AndroidManifest.xml:35:21-44
62                    android:scheme="@string/com_spotify_sdk_redirect_scheme" />
62-->src/main/AndroidManifest.xml:36:21-48
63            </intent-filter>
64        </activity>
65
66        <provider
66-->[com.squareup.picasso:picasso:2.71828] AndroidManifest.xml:8:9-11:40
67            android:name="com.squareup.picasso.PicassoProvider"
67-->[com.squareup.picasso:picasso:2.71828] AndroidManifest.xml:9:13-64
68            android:authorities="com.spotify.sdk.embedded.demo.com.squareup.picasso"
68-->[com.squareup.picasso:picasso:2.71828] AndroidManifest.xml:10:13-72
69            android:exported="false" />
69-->[com.squareup.picasso:picasso:2.71828] AndroidManifest.xml:11:13-37
70    </application>
71
72</manifest>